<?xml version="1.0" encoding="UTF-8"?>
<!-- Generated by org.testng.reporters.JUnitReportReporter -->
<testsuite hostname="DESKTOP-1KSEQVL" failures="0" tests="1" name="com.goodreads.testscript.AddBookAssignment" time="36.036" errors="0" timestamp="2023-08-01T18:03:06 IST" skipped="0">
  <testcase classname="com.goodreads.testscript.AddBookAssignment" name="testAddAndRemoveBook" time="36.036"/>
  <system-out/>
</testsuite> <!-- com.goodreads.testscript.AddBookAssignment -->
