<?xml version="1.0" encoding="UTF-8"?>
<!-- Generated by org.testng.reporters.JUnitReportReporter -->
<testsuite hostname="Harish" failures="0" tests="1" name="com.goodreads.testscript.BookModule" time="82.339" errors="0" timestamp="2023-06-18T14:20:50 IST" skipped="0">
  <testcase classname="com.goodreads.testscript.BookModule" name="testAddAndRemoveBook" time="82.339"/>
  <system-out/>
</testsuite> <!-- com.goodreads.testscript.BookModule -->
